[2026-01-07 05:46:58] FAILED to find file: D:\webleez works\main_project_backend-main\public\uploads\settings\1758365879-download.webp for URI: /public/uploads/settings/1758365879-download.webp
[2026-01-07 06:51:16] FAILED to find file: D:\webleez works\main_project_backend-main\public\uploads\product\1758108930-screenshot-2025-09-17-085014.png for URI: /public/uploads/product/1758108930-screenshot-2025-09-17-085014.png
[2026-01-07 06:58:58] FAILED to find file: D:\webleez works\main_project_backend-main\public\uploads\settings\1758365879-download.webp for URI: /public/uploads/settings/1758365879-download.webp
[2026-01-14 08:54:41] FAILED to find file: D:\webleez works\main_project_backend-main\public\uploads\product\1758108930-screenshot-2025-09-17-085014.png for URI: /public/uploads/product/1758108930-screenshot-2025-09-17-085014.png
[2026-01-14 08:54:41] FAILED to find file: D:\webleez works\main_project_backend-main\public\uploads\settings\1758365879-download.webp for URI: /public/uploads/settings/1758365879-download.webp
[2026-01-14 08:55:01] FAILED to find file: D:\webleez works\main_project_backend-main\public\backEnd\assets\images\bg-pattern-2.png for URI: /public/backEnd/assets/images/bg-pattern-2.png
[2026-01-14 08:55:11] FAILED to find file: D:\webleez works\main_project_backend-main\public\backEnd\assets\js\toastr.js.map for URI: /public/backEnd/assets/js/toastr.js.map
[2026-01-14 08:55:12] FAILED to find file: D:\webleez works\main_project_backend-main\public\backEnd\assets\js\feather.min.js.map for URI: /public/backEnd/assets/js/feather.min.js.map
[2026-01-14 08:55:12] FAILED to find file: D:\webleez works\main_project_backend-main\public\backEnd\assets\css\icons.min.css.map for URI: /public/backEnd/assets/css/icons.min.css.map
[2026-01-14 08:55:12] FAILED to find file: D:\webleez works\main_project_backend-main\public\backEnd\assets\css\app.min.css.map for URI: /public/backEnd/assets/css/app.min.css.map
[2026-01-14 08:55:13] FAILED to find file: D:\webleez works\main_project_backend-main\public\backEnd\assets\css\bootstrap.min.css.map for URI: /public/backEnd/assets/css/bootstrap.min.css.map
[2026-01-15 00:58:20] FAILED to find file: D:\webleez works\main_project_backend-main\public\uploads\product\1758108930-screenshot-2025-09-17-085014.png for URI: /public/uploads/product/1758108930-screenshot-2025-09-17-085014.png
[2026-01-15 00:58:21] FAILED to find file: D:\webleez works\main_project_backend-main\public\uploads\settings\1758365879-download.webp for URI: /public/uploads/settings/1758365879-download.webp
[2026-01-15 00:58:27] FAILED to find file: D:\webleez works\main_project_backend-main\public\uploads\product\1758108930-screenshot-2025-09-17-085014.png for URI: /public/uploads/product/1758108930-screenshot-2025-09-17-085014.png
[2026-01-15 00:58:36] FAILED to find file: D:\webleez works\main_project_backend-main\public\backEnd\assets\images\bg-pattern-2.png for URI: /public/backEnd/assets/images/bg-pattern-2.png
[2026-01-15 01:10:54] FAILED to find file: D:\webleez works\main_project_backend-main\public\uploads\settings\1758365879-download.webp for URI: /public/uploads/settings/1758365879-download.webp
[2026-01-15 01:48:06] FAILED to find file: D:\webleez works\main_project_backend-main\public\uploads\settings\1758365879-download.webp for URI: /public/uploads/settings/1758365879-download.webp
[2026-01-15 01:48:12] FAILED to find file: D:\webleez works\main_project_backend-main\public\backEnd\assets\css\vendor\dataTables.bootstrap5.css for URI: /public/backEnd/assets/css/vendor/dataTables.bootstrap5.css
[2026-01-15 01:49:14] FAILED to find file: D:\webleez works\main_project_backend-main\public\backEnd\assets\css\vendor\dataTables.bootstrap5.css for URI: /public/backEnd/assets/css/vendor/dataTables.bootstrap5.css
[2026-01-15 01:49:53] FAILED to find file: D:\webleez works\main_project_backend-main\public\backEnd\assets\css\vendor\dataTables.bootstrap5.css for URI: /public/backEnd/assets/css/vendor/dataTables.bootstrap5.css
[2026-01-15 01:50:23] FAILED to find file: D:\webleez works\main_project_backend-main\public\uploads\product\1758108930-screenshot-2025-09-17-085014.png for URI: /public/uploads/product/1758108930-screenshot-2025-09-17-085014.png
[2026-01-15 01:51:29] FAILED to find file: D:\webleez works\main_project_backend-main\public\backEnd\assets\css\vendor\dataTables.bootstrap5.css for URI: /public/backEnd/assets/css/vendor/dataTables.bootstrap5.css
[2026-01-15 03:38:08] FAILED to find file: D:\webleez works\main_project_backend-main\public\backEnd\assets\css\vendor\dataTables.bootstrap5.css for URI: /public/backEnd/assets/css/vendor/dataTables.bootstrap5.css
[2026-01-15 07:17:06] FAILED to find file: D:\webleez works\main_project_backend-main\public\backEnd\assets\images\bg-pattern-2.png for URI: /public/backEnd/assets/images/bg-pattern-2.png
[2026-01-15 07:17:15] FAILED to find file: D:\webleez works\main_project_backend-main\public\backEnd\assets\css\vendor\dataTables.bootstrap5.css for URI: /public/backEnd/assets/css/vendor/dataTables.bootstrap5.css
[2026-01-15 07:20:31] FAILED to find file: D:\webleez works\main_project_backend-main\public\uploads\product\1758108930-screenshot-2025-09-17-085014.png for URI: /public/uploads/product/1758108930-screenshot-2025-09-17-085014.png
[2026-01-15 07:21:25] FAILED to find file: D:\webleez works\main_project_backend-main\public\backEnd\assets\css\vendor\dataTables.bootstrap5.css for URI: /public/backEnd/assets/css/vendor/dataTables.bootstrap5.css
[2026-01-15 07:21:38] FAILED to find file: D:\webleez works\main_project_backend-main\public\uploads\product\1758108930-screenshot-2025-09-17-085014.png for URI: /public/uploads/product/1758108930-screenshot-2025-09-17-085014.png
[2026-01-15 07:22:37] FAILED to find file: D:\webleez works\main_project_backend-main\public\backEnd\assets\css\vendor\dataTables.bootstrap5.css for URI: /public/backEnd/assets/css/vendor/dataTables.bootstrap5.css
[2026-01-15 07:22:43] FAILED to find file: D:\webleez works\main_project_backend-main\public\backEnd\assets\css\vendor\dataTables.bootstrap5.css for URI: /public/backEnd/assets/css/vendor/dataTables.bootstrap5.css
[2026-01-15 07:23:22] FAILED to find file: D:\webleez works\main_project_backend-main\public\backEnd\assets\css\vendor\dataTables.bootstrap5.css for URI: /public/backEnd/assets/css/vendor/dataTables.bootstrap5.css
[2026-01-15 07:24:19] FAILED to find file: D:\webleez works\main_project_backend-main\public\backEnd\assets\css\vendor\dataTables.bootstrap5.css for URI: /public/backEnd/assets/css/vendor/dataTables.bootstrap5.css
[2026-01-15 07:25:27] FAILED to find file: D:\webleez works\main_project_backend-main\public\backEnd\assets\css\vendor\dataTables.bootstrap5.css for URI: /public/backEnd/assets/css/vendor/dataTables.bootstrap5.css
[2026-01-15 07:36:41] FAILED to find file: D:\webleez works\main_project_backend-main\public\backEnd\assets\css\vendor\dataTables.bootstrap5.css for URI: /public/backEnd/assets/css/vendor/dataTables.bootstrap5.css
[2026-01-15 07:37:17] FAILED to find file: D:\webleez works\main_project_backend-main\public\uploads\product\1758108930-screenshot-2025-09-17-085014.png for URI: /public/uploads/product/1758108930-screenshot-2025-09-17-085014.png
[2026-01-15 07:37:18] FAILED to find file: D:\webleez works\main_project_backend-main\public\uploads\settings\1758365879-download.webp for URI: /public/uploads/settings/1758365879-download.webp
[2026-01-15 07:37:24] FAILED to find file: D:\webleez works\main_project_backend-main\public\uploads\product\1758108930-screenshot-2025-09-17-085014.png for URI: /public/uploads/product/1758108930-screenshot-2025-09-17-085014.png
[2026-01-15 07:37:24] FAILED to find file: D:\webleez works\main_project_backend-main\public\uploads\product\1758204905-rectangle-29.png for URI: /public/uploads/product/1758204905-rectangle-29.png
[2026-01-15 07:37:29] FAILED to find file: D:\webleez works\main_project_backend-main\public\uploads\product\1758108930-screenshot-2025-09-17-085014.png for URI: /public/uploads/product/1758108930-screenshot-2025-09-17-085014.png
[2026-01-15 07:37:30] FAILED to find file: D:\webleez works\main_project_backend-main\public\uploads\product\1758204905-rectangle-29.png for URI: /public/uploads/product/1758204905-rectangle-29.png
[2026-01-15 07:37:38] FAILED to find file: D:\webleez works\main_project_backend-main\public\uploads\product\1758108930-screenshot-2025-09-17-085014.png for URI: /public/uploads/product/1758108930-screenshot-2025-09-17-085014.png
[2026-01-15 07:37:47] FAILED to find file: D:\webleez works\main_project_backend-main\public\uploads\product\1758108930-screenshot-2025-09-17-085014.png for URI: /public/uploads/product/1758108930-screenshot-2025-09-17-085014.png
[2026-01-15 07:39:04] FAILED to find file: D:\webleez works\main_project_backend-main\public\backEnd\assets\css\vendor\dataTables.bootstrap5.css for URI: /public/backEnd/assets/css/vendor/dataTables.bootstrap5.css
[2026-01-15 07:51:16] FAILED to find file: D:\webleez works\main_project_backend-main\public\uploads\product\1758108930-screenshot-2025-09-17-085014.png for URI: /public/uploads/product/1758108930-screenshot-2025-09-17-085014.png
[2026-01-15 07:51:17] FAILED to find file: D:\webleez works\main_project_backend-main\public\uploads\settings\1758365879-download.webp for URI: /public/uploads/settings/1758365879-download.webp
[2026-01-15 07:56:51] FAILED to find file: D:\webleez works\main_project_backend-main\public\uploads\settings\1758365879-download.webp for URI: /public/uploads/settings/1758365879-download.webp
[2026-01-15 07:56:56] FAILED to find file: D:\webleez works\main_project_backend-main\public\backEnd\assets\css\icons.min.css.map for URI: /public/backEnd/assets/css/icons.min.css.map
[2026-01-15 07:56:56] FAILED to find file: D:\webleez works\main_project_backend-main\public\backEnd\assets\css\bootstrap.min.css.map for URI: /public/backEnd/assets/css/bootstrap.min.css.map
[2026-01-15 07:56:57] FAILED to find file: D:\webleez works\main_project_backend-main\public\backEnd\assets\css\app.min.css.map for URI: /public/backEnd/assets/css/app.min.css.map
[2026-01-15 07:56:57] FAILED to find file: D:\webleez works\main_project_backend-main\public\backEnd\assets\js\feather.min.js.map for URI: /public/backEnd/assets/js/feather.min.js.map
[2026-01-15 07:56:57] FAILED to find file: D:\webleez works\main_project_backend-main\public\backEnd\assets\js\toastr.js.map for URI: /public/backEnd/assets/js/toastr.js.map
[2026-01-15 08:08:20] FAILED to find file: D:\webleez works\main_project_backend-main\public\uploads\settings\1758365879-download.webp for URI: /public/uploads/settings/1758365879-download.webp
[2026-01-15 08:14:03] FAILED to find file: D:\webleez works\main_project_backend-main\public\uploads\settings\1758365879-download.webp for URI: /public/uploads/settings/1758365879-download.webp
[2026-01-15 08:16:10] FAILED to find file: D:\webleez works\main_project_backend-main\public\uploads\default\user.png for URI: /public/uploads/default/user.png
[2026-01-15 08:17:31] FAILED to find file: D:\webleez works\main_project_backend-main\public\uploads\settings\1758365879-download.webp for URI: /public/uploads/settings/1758365879-download.webp
[2026-01-15 08:17:43] FAILED to find file: D:\webleez works\main_project_backend-main\public\uploads\default\user.png for URI: /public/uploads/default/user.png
[2026-01-15 08:18:05] FAILED to find file: D:\webleez works\main_project_backend-main\public\uploads\default\user.png for URI: /public/uploads/default/user.png
[2026-01-15 08:18:09] FAILED to find file: D:\webleez works\main_project_backend-main\public\uploads\default\user.png for URI: /public/uploads/default/user.png
[2026-01-15 08:18:29] FAILED to find file: D:\webleez works\main_project_backend-main\public\uploads\default\user.png for URI: /public/uploads/default/user.png
[2026-01-15 08:20:21] FAILED to find file: D:\webleez works\main_project_backend-main\public\uploads\settings\1758365879-download.webp for URI: /public/uploads/settings/1758365879-download.webp
[2026-01-15 08:20:28] FAILED to find file: D:\webleez works\main_project_backend-main\public\frontEnd\js\bootstrap.min.js.map for URI: /public/frontEnd/js/bootstrap.min.js.map
[2026-01-15 08:20:29] FAILED to find file: D:\webleez works\main_project_backend-main\public\backEnd\assets\js\toastr.js.map for URI: /public/backEnd/assets/js/toastr.js.map
[2026-01-15 08:20:29] FAILED to find file: D:\webleez works\main_project_backend-main\public\frontEnd\js\parsley.min.js.map for URI: /public/frontEnd/js/parsley.min.js.map
[2026-01-15 08:20:30] FAILED to find file: D:\webleez works\main_project_backend-main\public\frontEnd\css\bootstrap.min.css.map for URI: /public/frontEnd/css/bootstrap.min.css.map
[2026-01-15 08:20:39] FAILED to find file: D:\webleez works\main_project_backend-main\public\frontEnd\css\bootstrap.min.css.map for URI: /public/frontEnd/css/bootstrap.min.css.map
[2026-01-15 08:20:39] FAILED to find file: D:\webleez works\main_project_backend-main\public\uploads\default\user.png for URI: /public/uploads/default/user.png
[2026-01-15 08:20:40] FAILED to find file: D:\webleez works\main_project_backend-main\public\frontEnd\js\bootstrap.min.js.map for URI: /public/frontEnd/js/bootstrap.min.js.map
[2026-01-15 08:20:40] FAILED to find file: D:\webleez works\main_project_backend-main\public\backEnd\assets\js\toastr.js.map for URI: /public/backEnd/assets/js/toastr.js.map
[2026-01-15 08:20:40] FAILED to find file: D:\webleez works\main_project_backend-main\public\frontEnd\js\parsley.min.js.map for URI: /public/frontEnd/js/parsley.min.js.map
[2026-01-15 08:29:19] FAILED to find file: D:\webleez works\main_project_backend-main\public\uploads\product\1758108930-screenshot-2025-09-17-085014.png for URI: /public/uploads/product/1758108930-screenshot-2025-09-17-085014.png
[2026-01-15 08:29:20] FAILED to find file: D:\webleez works\main_project_backend-main\public\uploads\settings\1758365879-download.webp for URI: /public/uploads/settings/1758365879-download.webp
[2026-01-15 08:30:07] FAILED to find file: D:\webleez works\main_project_backend-main\public\uploads\default\user.png for URI: /public/uploads/default/user.png
[2026-01-15 08:31:19] FAILED to find file: D:\webleez works\main_project_backend-main\public\frontEnd\js\bootstrap.min.js.map for URI: /public/frontEnd/js/bootstrap.min.js.map
[2026-01-15 08:31:19] FAILED to find file: D:\webleez works\main_project_backend-main\public\backEnd\assets\js\toastr.js.map for URI: /public/backEnd/assets/js/toastr.js.map
[2026-01-15 08:31:20] FAILED to find file: D:\webleez works\main_project_backend-main\public\frontEnd\js\parsley.min.js.map for URI: /public/frontEnd/js/parsley.min.js.map
[2026-01-15 08:31:20] FAILED to find file: D:\webleez works\main_project_backend-main\public\frontEnd\css\bootstrap.min.css.map for URI: /public/frontEnd/css/bootstrap.min.css.map
[2026-01-15 08:33:33] FAILED to find file: D:\webleez works\main_project_backend-main\public\uploads\default\user.png for URI: /public/uploads/default/user.png
[2026-01-15 08:33:43] FAILED to find file: D:\webleez works\main_project_backend-main\public\frontEnd\js\bootstrap.min.js.map for URI: /public/frontEnd/js/bootstrap.min.js.map
[2026-01-15 08:33:43] FAILED to find file: D:\webleez works\main_project_backend-main\public\backEnd\assets\js\toastr.js.map for URI: /public/backEnd/assets/js/toastr.js.map
[2026-01-15 08:33:44] FAILED to find file: D:\webleez works\main_project_backend-main\public\frontEnd\js\parsley.min.js.map for URI: /public/frontEnd/js/parsley.min.js.map
[2026-01-15 08:33:44] FAILED to find file: D:\webleez works\main_project_backend-main\public\frontEnd\css\bootstrap.min.css.map for URI: /public/frontEnd/css/bootstrap.min.css.map
[2026-01-15 08:52:37] FAILED to find file: D:\webleez works\main_project_backend-main\public\uploads\default\user.png for URI: /public/uploads/default/user.png
[2026-01-15 08:52:38] FAILED to find file: D:\webleez works\main_project_backend-main\public\uploads\settings\1758365879-download.webp for URI: /public/uploads/settings/1758365879-download.webp
[2026-01-15 08:52:55] FAILED to find file: D:\webleez works\main_project_backend-main\public\backEnd\assets\images\bg-pattern-2.png for URI: /public/backEnd/assets/images/bg-pattern-2.png
[2026-01-15 08:53:53] FAILED to find file: D:\webleez works\main_project_backend-main\public\backEnd\assets\css\vendor\dataTables.bootstrap5.css for URI: /public/backEnd/assets/css/vendor/dataTables.bootstrap5.css
[2026-01-15 08:54:32] FAILED to find file: D:\webleez works\main_project_backend-main\public\backEnd\assets\css\vendor\dataTables.bootstrap5.css for URI: /public/backEnd/assets/css/vendor/dataTables.bootstrap5.css
[2026-01-15 08:56:13] FAILED to find file: D:\webleez works\main_project_backend-main\public\backEnd\assets\css\vendor\dataTables.bootstrap5.css for URI: /public/backEnd/assets/css/vendor/dataTables.bootstrap5.css
[2026-01-15 08:56:29] FAILED to find file: D:\webleez works\main_project_backend-main\public\backEnd\assets\css\vendor\dataTables.bootstrap5.css for URI: /public/backEnd/assets/css/vendor/dataTables.bootstrap5.css
[2026-01-15 08:57:04] FAILED to find file: D:\webleez works\main_project_backend-main\public\backEnd\assets\css\vendor\dataTables.bootstrap5.css for URI: /public/backEnd/assets/css/vendor/dataTables.bootstrap5.css
[2026-01-18 08:23:42] FAILED to find file: D:\webleez works\main_project_backend-main\public\backEnd\assets\css\vendor\dataTables.bootstrap5.css for URI: /public/backEnd/assets/css/vendor/dataTables.bootstrap5.css
[2026-01-18 08:32:54] FAILED to find file: D:\webleez works\main_project_backend-main\public\uploads\settings\1758365879-download.webp for URI: /public/uploads/settings/1758365879-download.webp
[2026-01-18 08:32:54] FAILED to find file: D:\webleez works\main_project_backend-main\public\uploads\product\1758108930-screenshot-2025-09-17-085014.png for URI: /public/uploads/product/1758108930-screenshot-2025-09-17-085014.png
[2026-01-18 08:33:10] FAILED to find file: D:\webleez works\main_project_backend-main\public\uploads\product\1758108930-screenshot-2025-09-17-085014.png for URI: /public/uploads/product/1758108930-screenshot-2025-09-17-085014.png
[2026-01-18 08:33:19] FAILED to find file: D:\webleez works\main_project_backend-main\public\uploads\product\1758204644-mask-group.png for URI: /public/uploads/product/1758204644-mask-group.png
[2026-01-18 08:33:20] FAILED to find file: D:\webleez works\main_project_backend-main\public\uploads\product\1758204905-rectangle-29.png for URI: /public/uploads/product/1758204905-rectangle-29.png
[2026-01-19 01:03:47] FAILED to find file: D:\webleez works\main_project_backend-main\public\uploads\product\1758108930-screenshot-2025-09-17-085014.png for URI: /public/uploads/product/1758108930-screenshot-2025-09-17-085014.png
[2026-01-19 01:03:47] FAILED to find file: D:\webleez works\main_project_backend-main\public\uploads\settings\1758365879-download.webp for URI: /public/uploads/settings/1758365879-download.webp
[2026-01-19 01:04:12] FAILED to find file: D:\webleez works\main_project_backend-main\public\uploads\product\1758108930-screenshot-2025-09-17-085014.png for URI: /public/uploads/product/1758108930-screenshot-2025-09-17-085014.png
[2026-01-19 01:04:26] FAILED to find file: D:\webleez works\main_project_backend-main\public\backEnd\assets\images\bg-pattern-2.png for URI: /public/backEnd/assets/images/bg-pattern-2.png
[2026-01-19 11:08:51] FAILED to find file: D:\webleez works\main_project_backend-main\public\uploads\product\1758108930-screenshot-2025-09-17-085014.png for URI: /public/uploads/product/1758108930-screenshot-2025-09-17-085014.png
[2026-01-19 11:08:52] FAILED to find file: D:\webleez works\main_project_backend-main\public\uploads\settings\1758365879-download.webp for URI: /public/uploads/settings/1758365879-download.webp
[2026-01-19 11:08:52] FAILED to find file: D:\webleez works\main_project_backend-main\public\uploads\settings\1758365879-download.webp for URI: /public/uploads/settings/1758365879-download.webp
[2026-01-19 11:09:02] FAILED to find file: D:\webleez works\main_project_backend-main\public\backEnd\assets\images\bg-pattern-2.png for URI: /public/backEnd/assets/images/bg-pattern-2.png
[2026-01-20 06:12:46] FAILED to find file: D:\webleez works\main_project_backend-main\public\uploads\product\1758108930-screenshot-2025-09-17-085014.png for URI: /public/uploads/product/1758108930-screenshot-2025-09-17-085014.png
[2026-01-20 06:12:47] FAILED to find file: D:\webleez works\main_project_backend-main\public\uploads\settings\1758365879-download.webp for URI: /public/uploads/settings/1758365879-download.webp
[2026-01-20 06:12:52] FAILED to find file: D:\webleez works\main_project_backend-main\public\uploads\product\1758108930-screenshot-2025-09-17-085014.png for URI: /public/uploads/product/1758108930-screenshot-2025-09-17-085014.png
[2026-01-20 06:13:00] FAILED to find file: D:\webleez works\main_project_backend-main\public\backEnd\assets\images\bg-pattern-2.png for URI: /public/backEnd/assets/images/bg-pattern-2.png
[2026-01-20 06:36:10] FAILED to find file: D:\webleez works\main_project_backend-main\public\uploads\settings\1758365879-download.webp for URI: /public/uploads/settings/1758365879-download.webp
[2026-01-20 06:38:04] FAILED to find file: D:\webleez works\main_project_backend-main\public\backEnd\assets\js\feather.min.js.map for URI: /public/backEnd/assets/js/feather.min.js.map
[2026-01-20 06:38:05] FAILED to find file: D:\webleez works\main_project_backend-main\public\backEnd\assets\js\toastr.js.map for URI: /public/backEnd/assets/js/toastr.js.map
[2026-01-20 06:38:05] FAILED to find file: D:\webleez works\main_project_backend-main\public\backEnd\assets\css\app.min.css.map for URI: /public/backEnd/assets/css/app.min.css.map
[2026-01-20 06:38:05] FAILED to find file: D:\webleez works\main_project_backend-main\public\backEnd\assets\css\icons.min.css.map for URI: /public/backEnd/assets/css/icons.min.css.map
[2026-01-20 06:38:06] FAILED to find file: D:\webleez works\main_project_backend-main\public\backEnd\assets\css\bootstrap.min.css.map for URI: /public/backEnd/assets/css/bootstrap.min.css.map
[2026-01-20 06:38:18] FAILED to find file: D:\webleez works\main_project_backend-main\public\backEnd\assets\css\bootstrap.min.css.map for URI: /public/backEnd/assets/css/bootstrap.min.css.map
[2026-01-20 06:38:18] FAILED to find file: D:\webleez works\main_project_backend-main\public\backEnd\assets\css\app.min.css.map for URI: /public/backEnd/assets/css/app.min.css.map
[2026-01-20 06:38:19] FAILED to find file: D:\webleez works\main_project_backend-main\public\backEnd\assets\css\icons.min.css.map for URI: /public/backEnd/assets/css/icons.min.css.map
[2026-01-20 06:38:19] FAILED to find file: D:\webleez works\main_project_backend-main\public\backEnd\assets\js\feather.min.js.map for URI: /public/backEnd/assets/js/feather.min.js.map
[2026-01-20 06:38:20] FAILED to find file: D:\webleez works\main_project_backend-main\public\backEnd\assets\js\toastr.js.map for URI: /public/backEnd/assets/js/toastr.js.map
[2026-01-20 06:48:00] FAILED to find file: D:\webleez works\main_project_backend-main\public\uploads\settings\1758365879-download.webp for URI: /public/uploads/settings/1758365879-download.webp
[2026-01-20 06:49:03] FAILED to find file: D:\webleez works\main_project_backend-main\public\backEnd\assets\css\icons.min.css.map for URI: /public/backEnd/assets/css/icons.min.css.map
[2026-01-20 06:49:03] FAILED to find file: D:\webleez works\main_project_backend-main\public\backEnd\assets\css\app.min.css.map for URI: /public/backEnd/assets/css/app.min.css.map
[2026-01-20 06:49:04] FAILED to find file: D:\webleez works\main_project_backend-main\public\backEnd\assets\css\bootstrap.min.css.map for URI: /public/backEnd/assets/css/bootstrap.min.css.map
[2026-01-20 06:49:04] FAILED to find file: D:\webleez works\main_project_backend-main\public\backEnd\assets\js\feather.min.js.map for URI: /public/backEnd/assets/js/feather.min.js.map
[2026-01-20 06:49:05] FAILED to find file: D:\webleez works\main_project_backend-main\public\backEnd\assets\js\toastr.js.map for URI: /public/backEnd/assets/js/toastr.js.map
[2026-01-20 06:53:08] FAILED to find file: D:\webleez works\main_project_backend-main\public\backEnd\assets\css\icons.min.css.map for URI: /public/backEnd/assets/css/icons.min.css.map
[2026-01-20 06:53:08] FAILED to find file: D:\webleez works\main_project_backend-main\public\backEnd\assets\css\bootstrap.min.css.map for URI: /public/backEnd/assets/css/bootstrap.min.css.map
[2026-01-20 06:53:08] FAILED to find file: D:\webleez works\main_project_backend-main\public\backEnd\assets\css\app.min.css.map for URI: /public/backEnd/assets/css/app.min.css.map
[2026-01-20 06:53:09] FAILED to find file: D:\webleez works\main_project_backend-main\public\backEnd\assets\js\feather.min.js.map for URI: /public/backEnd/assets/js/feather.min.js.map
[2026-01-20 06:53:09] FAILED to find file: D:\webleez works\main_project_backend-main\public\backEnd\assets\js\toastr.js.map for URI: /public/backEnd/assets/js/toastr.js.map
[2026-01-20 06:53:26] FAILED to find file: D:\webleez works\main_project_backend-main\public\backEnd\assets\css\app.min.css.map for URI: /public/backEnd/assets/css/app.min.css.map
[2026-01-20 06:53:27] FAILED to find file: D:\webleez works\main_project_backend-main\public\backEnd\assets\css\bootstrap.min.css.map for URI: /public/backEnd/assets/css/bootstrap.min.css.map
[2026-01-20 06:53:27] FAILED to find file: D:\webleez works\main_project_backend-main\public\backEnd\assets\css\icons.min.css.map for URI: /public/backEnd/assets/css/icons.min.css.map
[2026-01-20 06:53:27] FAILED to find file: D:\webleez works\main_project_backend-main\public\backEnd\assets\js\feather.min.js.map for URI: /public/backEnd/assets/js/feather.min.js.map
[2026-01-20 06:53:28] FAILED to find file: D:\webleez works\main_project_backend-main\public\backEnd\assets\js\toastr.js.map for URI: /public/backEnd/assets/js/toastr.js.map
[2026-01-20 06:53:33] FAILED to find file: D:\webleez works\main_project_backend-main\public\backEnd\assets\css\icons.min.css.map for URI: /public/backEnd/assets/css/icons.min.css.map
[2026-01-20 06:53:34] FAILED to find file: D:\webleez works\main_project_backend-main\public\backEnd\assets\css\app.min.css.map for URI: /public/backEnd/assets/css/app.min.css.map
[2026-01-20 06:53:34] FAILED to find file: D:\webleez works\main_project_backend-main\public\backEnd\assets\css\bootstrap.min.css.map for URI: /public/backEnd/assets/css/bootstrap.min.css.map
[2026-01-20 06:53:35] FAILED to find file: D:\webleez works\main_project_backend-main\public\backEnd\assets\js\feather.min.js.map for URI: /public/backEnd/assets/js/feather.min.js.map
[2026-01-20 06:53:35] FAILED to find file: D:\webleez works\main_project_backend-main\public\backEnd\assets\js\toastr.js.map for URI: /public/backEnd/assets/js/toastr.js.map
[2026-01-20 06:53:52] FAILED to find file: D:\webleez works\main_project_backend-main\public\backEnd\assets\css\bootstrap.min.css.map for URI: /public/backEnd/assets/css/bootstrap.min.css.map
[2026-01-20 06:53:52] FAILED to find file: D:\webleez works\main_project_backend-main\public\backEnd\assets\css\icons.min.css.map for URI: /public/backEnd/assets/css/icons.min.css.map
[2026-01-20 06:53:53] FAILED to find file: D:\webleez works\main_project_backend-main\public\backEnd\assets\css\app.min.css.map for URI: /public/backEnd/assets/css/app.min.css.map
[2026-01-20 06:53:53] FAILED to find file: D:\webleez works\main_project_backend-main\public\backEnd\assets\js\feather.min.js.map for URI: /public/backEnd/assets/js/feather.min.js.map
[2026-01-20 06:53:53] FAILED to find file: D:\webleez works\main_project_backend-main\public\backEnd\assets\js\toastr.js.map for URI: /public/backEnd/assets/js/toastr.js.map
[2026-01-20 06:54:01] FAILED to find file: D:\webleez works\main_project_backend-main\public\backEnd\assets\css\app.min.css.map for URI: /public/backEnd/assets/css/app.min.css.map
[2026-01-20 06:54:01] FAILED to find file: D:\webleez works\main_project_backend-main\public\backEnd\assets\css\icons.min.css.map for URI: /public/backEnd/assets/css/icons.min.css.map
[2026-01-20 06:54:01] FAILED to find file: D:\webleez works\main_project_backend-main\public\backEnd\assets\css\bootstrap.min.css.map for URI: /public/backEnd/assets/css/bootstrap.min.css.map
[2026-01-20 06:54:01] FAILED to find file: D:\webleez works\main_project_backend-main\public\backEnd\assets\js\feather.min.js.map for URI: /public/backEnd/assets/js/feather.min.js.map
[2026-01-20 06:54:02] FAILED to find file: D:\webleez works\main_project_backend-main\public\backEnd\assets\js\toastr.js.map for URI: /public/backEnd/assets/js/toastr.js.map
[2026-01-20 06:54:14] FAILED to find file: D:\webleez works\main_project_backend-main\public\backEnd\assets\css\bootstrap.min.css.map for URI: /public/backEnd/assets/css/bootstrap.min.css.map
[2026-01-20 06:54:14] FAILED to find file: D:\webleez works\main_project_backend-main\public\backEnd\assets\css\app.min.css.map for URI: /public/backEnd/assets/css/app.min.css.map
[2026-01-20 06:54:15] FAILED to find file: D:\webleez works\main_project_backend-main\public\backEnd\assets\css\icons.min.css.map for URI: /public/backEnd/assets/css/icons.min.css.map
[2026-01-20 06:54:15] FAILED to find file: D:\webleez works\main_project_backend-main\public\backEnd\assets\js\feather.min.js.map for URI: /public/backEnd/assets/js/feather.min.js.map
[2026-01-20 06:54:16] FAILED to find file: D:\webleez works\main_project_backend-main\public\backEnd\assets\js\toastr.js.map for URI: /public/backEnd/assets/js/toastr.js.map
[2026-01-20 06:54:33] FAILED to find file: D:\webleez works\main_project_backend-main\public\backEnd\assets\css\app.min.css.map for URI: /public/backEnd/assets/css/app.min.css.map
[2026-01-20 06:54:34] FAILED to find file: D:\webleez works\main_project_backend-main\public\backEnd\assets\css\bootstrap.min.css.map for URI: /public/backEnd/assets/css/bootstrap.min.css.map
[2026-01-20 06:54:34] FAILED to find file: D:\webleez works\main_project_backend-main\public\backEnd\assets\css\icons.min.css.map for URI: /public/backEnd/assets/css/icons.min.css.map
[2026-01-20 06:54:34] FAILED to find file: D:\webleez works\main_project_backend-main\public\backEnd\assets\js\feather.min.js.map for URI: /public/backEnd/assets/js/feather.min.js.map
[2026-01-20 06:54:35] FAILED to find file: D:\webleez works\main_project_backend-main\public\backEnd\assets\js\toastr.js.map for URI: /public/backEnd/assets/js/toastr.js.map
[2026-01-20 07:04:02] FAILED to find file: D:\webleez works\main_project_backend-main\public\uploads\product\1758108930-screenshot-2025-09-17-085014.png for URI: /public/uploads/product/1758108930-screenshot-2025-09-17-085014.png
[2026-01-20 09:44:24] FAILED to find file: D:\webleez works\main_project_backend-main\public\uploads\product\1758108930-screenshot-2025-09-17-085014.png for URI: /public/uploads/product/1758108930-screenshot-2025-09-17-085014.png
[2026-01-20 09:44:24] FAILED to find file: D:\webleez works\main_project_backend-main\public\uploads\settings\1758365879-download.webp for URI: /public/uploads/settings/1758365879-download.webp
[2026-01-20 09:44:30] FAILED to find file: D:\webleez works\main_project_backend-main\public\uploads\product\1758108930-screenshot-2025-09-17-085014.png for URI: /public/uploads/product/1758108930-screenshot-2025-09-17-085014.png
[2026-01-20 09:44:41] FAILED to find file: D:\webleez works\main_project_backend-main\public\uploads\product\1758108930-screenshot-2025-09-17-085014.png for URI: /public/uploads/product/1758108930-screenshot-2025-09-17-085014.png
[2026-01-20 10:00:40] FAILED to find file: D:\webleez works\main_project_backend-main\public\uploads\product\1758108930-screenshot-2025-09-17-085014.png for URI: /public/uploads/product/1758108930-screenshot-2025-09-17-085014.png
[2026-01-20 23:45:19] FAILED to find file: D:\webleez works\main_project_backend-main\public\uploads\settings\1758365879-download.webp for URI: /public/uploads/settings/1758365879-download.webp
[2026-01-20 23:45:25] FAILED to find file: D:\webleez works\main_project_backend-main\public\uploads\product\1758108930-screenshot-2025-09-17-085014.png for URI: /public/uploads/product/1758108930-screenshot-2025-09-17-085014.png
[2026-01-29 01:34:08] FAILED to find file: D:\webleez works\main_project_backend-main\public\uploads\product\1758108930-screenshot-2025-09-17-085014.png for URI: /public/uploads/product/1758108930-screenshot-2025-09-17-085014.png
[2026-01-29 01:34:09] FAILED to find file: D:\webleez works\main_project_backend-main\public\uploads\settings\1758365879-download.webp for URI: /public/uploads/settings/1758365879-download.webp
[2026-01-29 01:40:16] FAILED to find file: D:\webleez works\main_project_backend-main\public\uploads\product\1758204644-mask-group.png for URI: /public/uploads/product/1758204644-mask-group.png
[2026-01-29 01:40:16] FAILED to find file: D:\webleez works\main_project_backend-main\public\uploads\product\1758204905-rectangle-29.png for URI: /public/uploads/product/1758204905-rectangle-29.png
[2026-01-29 02:06:18] FAILED to find file: D:\webleez works\main_project_backend-main\public\uploads\product\1758108930-screenshot-2025-09-17-085014.png for URI: /public/uploads/product/1758108930-screenshot-2025-09-17-085014.png
[2026-01-29 02:54:12] FAILED to find file: D:\webleez works\main_project_backend-main\public\uploads\product\1758108930-screenshot-2025-09-17-085014.png for URI: /public/uploads/product/1758108930-screenshot-2025-09-17-085014.png
[2026-01-29 02:54:32] FAILED to find file: D:\webleez works\main_project_backend-main\public\backEnd\assets\images\bg-pattern-2.png for URI: /public/backEnd/assets/images/bg-pattern-2.png
[2026-01-29 02:55:03] FAILED to find file: D:\webleez works\main_project_backend-main\public\backEnd\assets\images\bg-pattern-2.png for URI: /public/backEnd/assets/images/bg-pattern-2.png
[2026-01-29 02:55:09] FAILED to find file: D:\webleez works\main_project_backend-main\public\uploads\default\user.png for URI: /public/uploads/default/user.png
[2026-01-29 02:55:30] FAILED to find file: D:\webleez works\main_project_backend-main\public\uploads\default\user.png for URI: /public/uploads/default/user.png
[2026-01-29 02:56:54] FAILED to find file: D:\webleez works\main_project_backend-main\public\uploads\default\user.png for URI: /public/uploads/default/user.png
[2026-01-29 03:02:37] FAILED to find file: D:\webleez works\main_project_backend-main\public\uploads\default\user.png for URI: /public/uploads/default/user.png
[2026-01-29 03:02:38] FAILED to find file: D:\webleez works\main_project_backend-main\public\uploads\product\1758204905-rectangle-29.png for URI: /public/uploads/product/1758204905-rectangle-29.png
[2026-01-29 03:02:39] FAILED to find file: D:\webleez works\main_project_backend-main\public\uploads\product\1758204644-mask-group.png for URI: /public/uploads/product/1758204644-mask-group.png
[2026-01-29 03:02:39] FAILED to find file: D:\webleez works\main_project_backend-main\public\uploads\product\1758108930-screenshot-2025-09-17-085014.png for URI: /public/uploads/product/1758108930-screenshot-2025-09-17-085014.png
[2026-01-29 03:02:57] FAILED to find file: D:\webleez works\main_project_backend-main\public\uploads\default\user.png for URI: /public/uploads/default/user.png
[2026-01-29 03:02:58] FAILED to find file: D:\webleez works\main_project_backend-main\public\uploads\product\1758204905-rectangle-29.png for URI: /public/uploads/product/1758204905-rectangle-29.png
[2026-01-29 03:02:58] FAILED to find file: D:\webleez works\main_project_backend-main\public\uploads\product\1758204644-mask-group.png for URI: /public/uploads/product/1758204644-mask-group.png
[2026-01-29 03:02:59] FAILED to find file: D:\webleez works\main_project_backend-main\public\uploads\product\1758108930-screenshot-2025-09-17-085014.png for URI: /public/uploads/product/1758108930-screenshot-2025-09-17-085014.png
[2026-01-29 03:03:38] FAILED to find file: D:\webleez works\main_project_backend-main\public\uploads\default\user.png for URI: /public/uploads/default/user.png
[2026-01-29 03:04:54] FAILED to find file: D:\webleez works\main_project_backend-main\public\uploads\default\user.png for URI: /public/uploads/default/user.png
[2026-01-29 03:05:32] FAILED to find file: D:\webleez works\main_project_backend-main\public\uploads\default\user.png for URI: /public/uploads/default/user.png
[2026-01-29 06:06:20] FAILED to find file: D:\webleez works\main_project_backend-main\public\backEnd\assets\images\bg-pattern-2.png for URI: /public/backEnd/assets/images/bg-pattern-2.png
[2026-01-29 06:06:36] FAILED to find file: D:\webleez works\main_project_backend-main\public\uploads\default\user.png for URI: /public/uploads/default/user.png
[2026-01-29 06:06:44] FAILED to find file: D:\webleez works\main_project_backend-main\public\backEnd\assets\css\vendor\dataTables.bootstrap5.css for URI: /public/backEnd/assets/css/vendor/dataTables.bootstrap5.css
[2026-01-29 06:06:44] FAILED to find file: D:\webleez works\main_project_backend-main\public\uploads\default\user.png for URI: /public/uploads/default/user.png
[2026-01-29 06:07:17] FAILED to find file: D:\webleez works\main_project_backend-main\public\uploads\product\1758108930-screenshot-2025-09-17-085014.png for URI: /public/uploads/product/1758108930-screenshot-2025-09-17-085014.png
[2026-01-29 06:07:27] FAILED to find file: D:\webleez works\main_project_backend-main\public\uploads\product\1758108930-screenshot-2025-09-17-085014.png for URI: /public/uploads/product/1758108930-screenshot-2025-09-17-085014.png
[2026-01-29 06:07:27] FAILED to find file: D:\webleez works\main_project_backend-main\public\uploads\product\1758204905-rectangle-29.png for URI: /public/uploads/product/1758204905-rectangle-29.png
[2026-01-29 06:07:33] FAILED to find file: D:\webleez works\main_project_backend-main\public\uploads\product\1758204644-mask-group.png for URI: /public/uploads/product/1758204644-mask-group.png
[2026-01-29 06:08:08] FAILED to find file: D:\webleez works\main_project_backend-main\public\backEnd\assets\css\vendor\dataTables.bootstrap5.css for URI: /public/backEnd/assets/css/vendor/dataTables.bootstrap5.css
[2026-01-29 06:08:08] FAILED to find file: D:\webleez works\main_project_backend-main\public\uploads\default\user.png for URI: /public/uploads/default/user.png
[2026-01-29 06:08:45] FAILED to find file: D:\webleez works\main_project_backend-main\public\backEnd\assets\css\vendor\dataTables.bootstrap5.css for URI: /public/backEnd/assets/css/vendor/dataTables.bootstrap5.css
[2026-01-29 06:08:45] FAILED to find file: D:\webleez works\main_project_backend-main\public\uploads\default\user.png for URI: /public/uploads/default/user.png
[2026-01-29 06:09:51] FAILED to find file: D:\webleez works\main_project_backend-main\public\uploads\product\1758108930-screenshot-2025-09-17-085014.png for URI: /public/uploads/product/1758108930-screenshot-2025-09-17-085014.png
[2026-01-29 06:09:52] FAILED to find file: D:\webleez works\main_project_backend-main\public\uploads\settings\1758365879-download.webp for URI: /public/uploads/settings/1758365879-download.webp
[2026-01-29 06:10:41] FAILED to find file: D:\webleez works\main_project_backend-main\public\backEnd\assets\css\vendor\dataTables.bootstrap5.css for URI: /public/backEnd/assets/css/vendor/dataTables.bootstrap5.css
[2026-01-29 06:10:41] FAILED to find file: D:\webleez works\main_project_backend-main\public\uploads\default\user.png for URI: /public/uploads/default/user.png
[2026-01-29 06:10:47] FAILED to find file: D:\webleez works\main_project_backend-main\public\backEnd\assets\css\vendor\dataTables.bootstrap5.css for URI: /public/backEnd/assets/css/vendor/dataTables.bootstrap5.css
[2026-01-29 06:10:47] FAILED to find file: D:\webleez works\main_project_backend-main\public\uploads\default\user.png for URI: /public/uploads/default/user.png
[2026-01-29 06:10:52] FAILED to find file: D:\webleez works\main_project_backend-main\public\backEnd\assets\css\vendor\dataTables.bootstrap5.css for URI: /public/backEnd/assets/css/vendor/dataTables.bootstrap5.css
[2026-01-29 06:10:52] FAILED to find file: D:\webleez works\main_project_backend-main\public\uploads\default\user.png for URI: /public/uploads/default/user.png
[2026-01-29 06:10:53] FAILED to find file: D:\webleez works\main_project_backend-main\public\uploads\settings\1758365879-download.webp for URI: /public/uploads/settings/1758365879-download.webp
[2026-01-29 06:17:38] FAILED to find file: D:\webleez works\main_project_backend-main\public\uploads\default\user.png for URI: /public/uploads/default/user.png
[2026-01-29 06:17:44] FAILED to find file: D:\webleez works\main_project_backend-main\public\uploads\default\user.png for URI: /public/uploads/default/user.png
[2026-01-29 06:17:48] FAILED to find file: D:\webleez works\main_project_backend-main\public\uploads\default\user.png for URI: /public/uploads/default/user.png
[2026-01-29 07:42:05] FAILED to find file: D:\webleez works\main_project_backend-main\public\uploads\default\user.png for URI: /public/uploads/default/user.png
[2026-01-29 07:42:15] FAILED to find file: D:\webleez works\main_project_backend-main\public\uploads\default\user.png for URI: /public/uploads/default/user.png
[2026-01-29 07:42:24] FAILED to find file: D:\webleez works\main_project_backend-main\public\uploads\default\user.png for URI: /public/uploads/default/user.png
[2026-01-29 07:42:55] FAILED to find file: D:\webleez works\main_project_backend-main\public\uploads\product\1758108930-screenshot-2025-09-17-085014.png for URI: /public/uploads/product/1758108930-screenshot-2025-09-17-085014.png
[2026-01-29 07:43:04] FAILED to find file: D:\webleez works\main_project_backend-main\public\uploads\product\1758204644-mask-group.png for URI: /public/uploads/product/1758204644-mask-group.png
[2026-01-29 07:43:05] FAILED to find file: D:\webleez works\main_project_backend-main\public\uploads\product\1758204905-rectangle-29.png for URI: /public/uploads/product/1758204905-rectangle-29.png
[2026-01-29 07:44:03] FAILED to find file: D:\webleez works\main_project_backend-main\public\uploads\default\user.png for URI: /public/uploads/default/user.png
[2026-01-29 07:44:03] FAILED to find file: D:\webleez works\main_project_backend-main\public\uploads\default\user.png for URI: /public/uploads/default/user.png
[2026-01-29 07:44:10] FAILED to find file: D:\webleez works\main_project_backend-main\public\uploads\default\user.png for URI: /public/uploads/default/user.png
[2026-01-29 07:44:18] FAILED to find file: D:\webleez works\main_project_backend-main\public\uploads\default\user.png for URI: /public/uploads/default/user.png
[2026-01-29 22:41:03] FAILED to find file: D:\webleez works\main_project_backend-main\public\uploads\product\1758108930-screenshot-2025-09-17-085014.png for URI: /public/uploads/product/1758108930-screenshot-2025-09-17-085014.png
[2026-01-29 22:41:06] FAILED to find file: D:\webleez works\main_project_backend-main\public\uploads\settings\1758365879-download.webp for URI: /public/uploads/settings/1758365879-download.webp
[2026-02-25 00:23:42] FAILED to find file: D:\Jmin It projects\main_project_backend-main\public\uploads\settings\1758365879-download.webp for URI: /public/uploads/settings/1758365879-download.webp
[2026-02-25 00:23:47] FAILED to find file: D:\Jmin It projects\main_project_backend-main\public\uploads\product\1758108930-screenshot-2025-09-17-085014.png for URI: /public/uploads/product/1758108930-screenshot-2025-09-17-085014.png
[2026-02-25 00:23:51] FAILED to find file: D:\Jmin It projects\main_project_backend-main\public\uploads\product\1758204644-mask-group.png for URI: /public/uploads/product/1758204644-mask-group.png
[2026-02-25 00:23:52] FAILED to find file: D:\Jmin It projects\main_project_backend-main\public\uploads\product\1758204905-rectangle-29.png for URI: /public/uploads/product/1758204905-rectangle-29.png
